  [1m[35mSQL (0.3ms)[0m  [1m[35mSET search_path TO public /*application='Backend'*/[0m
  [1m[35m (471.6ms)[0m  [1m[35mCREATE DATABASE "backend_development" ENCODING = 'unicode' /*application='Backend'*/[0m
  [1m[35mSQL (0.1ms)[0m  [1m[35mSET search_path TO public /*application='Backend'*/[0m
  [1m[35m (131.6ms)[0m  [1m[35mCREATE DATABASE "backend_test" ENCODING = 'unicode' /*application='Backend'*/[0m
  [1m[35m (4.7ms)[0m  [1m[35mCREATE TABLE "schema_migrations" ("version" character varying NOT NULL PRIMARY KEY) /*application='Backend'*/[0m
  [1m[35m (1.4ms)[0m  [1m[35mCREATE TABLE "ar_internal_metadata" ("key" character varying NOT NULL PRIMARY KEY, "value" character varying, "created_at" timestamp(6) NOT NULL, "updated_at" timestamp(6) NOT NULL) /*application='Backend'*/[0m
  [1m[35m (0.3ms)[0m  [1m[34mSELECT pg_try_advisory_lock(5073945470573576205) /*application='Backend'*/[0m
  [1m[36mActiveRecord::SchemaMigration Load (0.9ms)[0m  [1m[34mSELECT "schema_migrations"."version" FROM "schema_migrations" ORDER BY "schema_migrations"."version" ASC /*application='Backend'*/[0m
  [1m[36mActiveRecord::InternalMetadata Load (1.0ms)[0m  [1m[34mSELECT * FROM "ar_internal_metadata" WHERE "ar_internal_metadata"."key" = 'environment' ORDER BY "ar_internal_metadata"."key" ASC LIMIT 1 /*application='Backend'*/[0m
  [1m[36mActiveRecord::InternalMetadata Create (0.9ms)[0m  [1m[32mINSERT INTO "ar_internal_metadata" ("key", "value", "created_at", "updated_at") VALUES ('environment', 'development', '2025-06-27 16:31:29.356005', '2025-06-27 16:31:29.356007') RETURNING "key" /*application='Backend'*/[0m
Migrating to CreateQuestions (20250627162958)
  [1m[36mTRANSACTION (0.1ms)[0m  [1m[35mBEGIN /*application='Backend'*/[0m
  [1m[35m (6.0ms)[0m  [1m[35mCREATE TABLE "questions" ("id" bigserial primary key, "topic" character varying NOT NULL, "difficulty" character varying NOT NULL, "question_text" text NOT NULL, "created_at" timestamp(6) NOT NULL, "updated_at" timestamp(6) NOT NULL) /*application='Backend'*/[0m
  [1m[35m (0.9ms)[0m  [1m[35mCREATE INDEX "index_questions_on_topic" ON "questions" ("topic") /*application='Backend'*/[0m
  [1m[35m (1.0ms)[0m  [1m[35mCREATE INDEX "index_questions_on_created_at" ON "questions" ("created_at") /*application='Backend'*/[0m
  [1m[36mActiveRecord::SchemaMigration Create (0.3ms)[0m  [1m[32mINSERT INTO "schema_migrations" ("version") VALUES ('20250627162958') RETURNING "version" /*application='Backend'*/[0m
  [1m[36mTRANSACTION (0.2ms)[0m  [1m[35mCOMMIT /*application='Backend'*/[0m
  [1m[35m (0.2ms)[0m  [1m[34mSELECT pg_advisory_unlock(5073945470573576205) /*application='Backend'*/[0m
  [1m[36mActiveRecord::SchemaMigration Load (0.1ms)[0m  [1m[34mSELECT "schema_migrations"."version" FROM "schema_migrations" ORDER BY "schema_migrations"."version" ASC /*application='Backend'*/[0m
  [1m[36mActiveRecord::SchemaMigration Load (0.1ms)[0m  [1m[34mSELECT "schema_migrations"."version" FROM "schema_migrations" ORDER BY "schema_migrations"."version" ASC /*application='Backend'*/[0m
  [1m[36mQuestion Load (1.3ms)[0m  [1m[34mSELECT "questions".* FROM "questions" /*application='Backend'*/[0m
  [1m[36mTRANSACTION (0.1ms)[0m  [1m[35mBEGIN /*application='Backend'*/[0m
  [1m[36mQuestion Create (1.3ms)[0m  [1m[32mINSERT INTO "questions" ("topic", "difficulty", "question_text", "created_at", "updated_at") VALUES ('Math', 'easy', 'What is 2 + 2?', '2025-06-27 16:31:29.509141', '2025-06-27 16:31:29.509141') RETURNING "id" /*application='Backend'*/[0m
  [1m[36mTRANSACTION (0.8ms)[0m  [1m[35mCOMMIT /*application='Backend'*/[0m
  [1m[36mTRANSACTION (0.1ms)[0m  [1m[35mBEGIN /*application='Backend'*/[0m
  [1m[36mQuestion Create (0.6ms)[0m  [1m[32mINSERT INTO "questions" ("topic", "difficulty", "question_text", "created_at", "updated_at") VALUES ('Science', 'medium', 'What is the process by which plants make their own food?', '2025-06-27 16:31:29.512420', '2025-06-27 16:31:29.512420') RETURNING "id" /*application='Backend'*/[0m
  [1m[36mTRANSACTION (0.2ms)[0m  [1m[35mCOMMIT /*application='Backend'*/[0m
  [1m[36mTRANSACTION (0.0ms)[0m  [1m[35mBEGIN /*application='Backend'*/[0m
  [1m[36mQuestion Create (0.5ms)[0m  [1m[32mINSERT INTO "questions" ("topic", "difficulty", "question_text", "created_at", "updated_at") VALUES ('History', 'hard', 'Analyze the causes and consequences of the French Revolution.', '2025-06-27 16:31:29.514215', '2025-06-27 16:31:29.514215') RETURNING "id" /*application='Backend'*/[0m
  [1m[36mTRANSACTION (0.1ms)[0m  [1m[35mCOMMIT /*application='Backend'*/[0m
  [1m[36mTRANSACTION (0.0ms)[0m  [1m[35mBEGIN /*application='Backend'*/[0m
  [1m[36mQuestion Create (0.5ms)[0m  [1m[32mINSERT INTO "questions" ("topic", "difficulty", "question_text", "created_at", "updated_at") VALUES ('English', 'easy', 'What is the plural form of "child"?', '2025-06-27 16:31:29.515797', '2025-06-27 16:31:29.515797') RETURNING "id" /*application='Backend'*/[0m
  [1m[36mTRANSACTION (0.2ms)[0m  [1m[35mCOMMIT /*application='Backend'*/[0m
  [1m[36mTRANSACTION (0.0ms)[0m  [1m[35mBEGIN /*application='Backend'*/[0m
  [1m[36mQuestion Create (0.6ms)[0m  [1m[32mINSERT INTO "questions" ("topic", "difficulty", "question_text", "created_at", "updated_at") VALUES ('Geography', 'medium', 'What is the capital of Australia?', '2025-06-27 16:31:29.517334', '2025-06-27 16:31:29.517334') RETURNING "id" /*application='Backend'*/[0m
  [1m[36mTRANSACTION (0.4ms)[0m  [1m[35mCOMMIT /*application='Backend'*/[0m
  [1m[36mQuestion Count (0.4ms)[0m  [1m[34mSELECT COUNT(*) FROM "questions" /*application='Backend'*/[0m
Started GET "/api/v1/questions" for ::1 at 2025-06-27 12:33:23 -0400
  [1m[36mActiveRecord::SchemaMigration Load (1.0ms)[0m  [1m[34mSELECT "schema_migrations"."version" FROM "schema_migrations" ORDER BY "schema_migrations"."version" ASC /*application='Backend'*/[0m
Processing by Api::V1::QuestionsController#index as */*
  [1m[36mQuestion Load (2.0ms)[0m  [1m[34mSELECT "questions".* FROM "questions" ORDER BY "questions"."created_at" DESC /*action='index',application='Backend',controller='questions'*/[0m
  ↳ app/controllers/api/v1/questions_controller.rb:8:in 'Api::V1::QuestionsController#index'
Completed 200 OK in 41ms (Views: 2.9ms | ActiveRecord: 14.8ms (1 query, 0 cached) | GC: 1.6ms)


